# JRE version: OpenJDK Runtime Environment (17.0.6) (build 17.0.6+0-17.0.6b802.4-9586694)
# Java VM: OpenJDK 64-Bit Server VM (17.0.6+0-17.0.6b802.4-9586694, mixed mode, tiered, compressed oops, compressed class ptrs, g1 gc, linux-amd64)
GC Precious Log:
 CPUs: 8 total, 8 available
 Memory: 32031M
 Large Page Support: Disabled
 NUMA Support: Disabled
 Compressed Oops: Enabled (32-bit)
 Heap Region Size: 1M
 Heap Min Capacity: 8M
 Heap Initial Capacity: 502M
 Heap Max Capacity: 2G
 Pre-touch: Disabled
 Parallel Workers: 8
 Concurrent Workers: 2
 Concurrent Refinement Workers: 8
 Periodic GC: Disabled
Heap:
 garbage-first heap   total 297984K, used 128013K [0x0000000080000000, 0x0000000100000000)
  region size 1024K, 24 young (24576K), 12 survivors (12288K)
 Metaspace       used 106595K, committed 107392K, reserved 1146880K
  class space    used 14554K, committed 14976K, reserved 1048576K
GC Heap History (20 events):
Event: 4.393 GC heap before
{Heap before GC invocations=18 (full 0):
 garbage-first heap   total 99328K, used 75582K [0x0000000080000000, 0x0000000100000000)
  region size 1024K, 21 young (21504K), 1 survivors (1024K)
 Metaspace       used 64875K, committed 65344K, reserved 1105920K
  class space    used 8608K, committed 8832K, reserved 1048576K
}
Event: 4.396 GC heap after
{Heap after GC invocations=19 (full 0):
 garbage-first heap   total 307200K, used 55700K [0x0000000080000000, 0x0000000100000000)
  region size 1024K, 1 young (1024K), 1 survivors (1024K)
 Metaspace       used 64875K, committed 65344K, reserved 1105920K
  class space    used 8608K, committed 8832K, reserved 1048576K
}
Event: 5.288 GC heap before
{Heap before GC invocations=20 (full 0):
 garbage-first heap   total 201728K, used 163220K [0x0000000080000000, 0x0000000100000000)
  region size 1024K, 100 young (102400K), 1 survivors (1024K)
 Metaspace       used 75433K, committed 75968K, reserved 1122304K
  class space    used 10031K, committed 10304K, reserved 1048576K
}
Event: 5.293 GC heap after
{Heap after GC invocations=21 (full 0):
 garbage-first heap   total 201728K, used 63090K [0x0000000080000000, 0x0000000100000000)
  region size 1024K, 9 young (9216K), 9 survivors (9216K)
 Metaspace       used 75433K, committed 75968K, reserved 1122304K
  class space    used 10031K, committed 10304K, reserved 1048576K
}
Event: 5.311 GC heap before
{Heap before GC invocations=21 (full 0):
 garbage-first heap   total 201728K, used 64114K [0x0000000080000000, 0x0000000100000000)
  region size 1024K, 10 young (10240K), 9 survivors (9216K)
 Metaspace       used 75496K, committed 76032K, reserved 1122304K
  class space    used 10034K, committed 10304K, reserved 1048576K
}
Event: 5.314 GC heap after
{Heap after GC invocations=22 (full 0):
 garbage-first heap   total 201728K, used 64049K [0x0000000080000000, 0x0000000100000000)
  region size 1024K, 2 young (2048K), 2 survivors (2048K)
 Metaspace       used 75496K, committed 76032K, reserved 1122304K
  class space    used 10034K, committed 10304K, reserved 1048576K
}
Event: 5.684 GC heap before
{Heap before GC invocations=22 (full 0):
 garbage-first heap   total 201728K, used 139825K [0x0000000080000000, 0x0000000100000000)
  region size 1024K, 76 young (77824K), 2 survivors (2048K)
 Metaspace       used 79270K, committed 79872K, reserved 1122304K
  class space    used 10643K, committed 10944K, reserved 1048576K
}
Event: 5.687 GC heap after
{Heap after GC invocations=23 (full 0):
 garbage-first heap   total 201728K, used 68875K [0x0000000080000000, 0x0000000100000000)
  region size 1024K, 6 young (6144K), 6 survivors (6144K)
 Metaspace       used 79270K, committed 79872K, reserved 1122304K
  class space    used 10643K, committed 10944K, reserved 1048576K
}
Event: 6.367 GC heap before
{Heap before GC invocations=23 (full 0):
 garbage-first heap   total 201728K, used 145675K [0x0000000080000000, 0x0000000100000000)
  region size 1024K, 81 young (82944K), 6 survivors (6144K)
 Metaspace       used 87717K, committed 88256K, reserved 1130496K
  class space    used 12001K, committed 12288K, reserved 1048576K
}
Event: 6.380 GC heap after
{Heap after GC invocations=24 (full 0):
 garbage-first heap   total 201728K, used 74474K [0x0000000080000000, 0x0000000100000000)
  region size 1024K, 6 young (6144K), 6 survivors (6144K)
 Metaspace       used 87717K, committed 88256K, reserved 1130496K
  class space    used 12001K, committed 12288K, reserved 1048576K
}
Event: 6.924 GC heap before
{Heap before GC invocations=24 (full 0):
 garbage-first heap   total 201728K, used 150250K [0x0000000080000000, 0x0000000100000000)
  region size 1024K, 80 young (81920K), 6 survivors (6144K)
 Metaspace       used 92028K, committed 92672K, reserved 1130496K
  class space    used 12558K, committed 12864K, reserved 1048576K
}
Event: 6.934 GC heap after
{Heap after GC invocations=25 (full 0):
 garbage-first heap   total 201728K, used 84622K [0x0000000080000000, 0x0000000100000000)
  region size 1024K, 10 young (10240K), 10 survivors (10240K)
 Metaspace       used 92028K, committed 92672K, reserved 1130496K
  class space    used 12558K, committed 12864K, reserved 1048576K
}
Event: 7.468 GC heap before
{Heap before GC invocations=25 (full 0):
 garbage-first heap   total 201728K, used 153230K [0x0000000080000000, 0x0000000100000000)
  region size 1024K, 78 young (79872K), 10 survivors (10240K)
 Metaspace       used 94528K, committed 95232K, reserved 1138688K
  class space    used 12983K, committed 13312K, reserved 1048576K
}
Event: 7.479 GC heap after
{Heap after GC invocations=26 (full 0):
 garbage-first heap   total 201728K, used 92044K [0x0000000080000000, 0x0000000100000000)
  region size 1024K, 8 young (8192K), 8 survivors (8192K)
 Metaspace       used 94528K, committed 95232K, reserved 1138688K
  class space    used 12983K, committed 13312K, reserved 1048576K
}
Event: 7.961 GC heap before
{Heap before GC invocations=26 (full 0):
 garbage-first heap   total 201728K, used 155532K [0x0000000080000000, 0x0000000100000000)
  region size 1024K, 71 young (72704K), 8 survivors (8192K)
 Metaspace       used 95257K, committed 95872K, reserved 1138688K
  class space    used 13033K, committed 13312K, reserved 1048576K
}
Event: 7.968 GC heap after
{Heap after GC invocations=27 (full 0):
 garbage-first heap   total 297984K, used 97181K [0x0000000080000000, 0x0000000100000000)
  region size 1024K, 6 young (6144K), 6 survivors (6144K)
 Metaspace       used 95257K, committed 95872K, reserved 1138688K
  class space    used 13033K, committed 13312K, reserved 1048576K
}
Event: 8.822 GC heap before
{Heap before GC invocations=27 (full 0):
 garbage-first heap   total 297984K, used 225181K [0x0000000080000000, 0x0000000100000000)
  region size 1024K, 132 young (135168K), 6 survivors (6144K)
 Metaspace       used 103502K, committed 104192K, reserved 1138688K
  class space    used 14165K, committed 14528K, reserved 1048576K
}
Event: 8.833 GC heap after
{Heap after GC invocations=28 (full 0):
 garbage-first heap   total 297984K, used 105876K [0x0000000080000000, 0x0000000100000000)
  region size 1024K, 14 young (14336K), 14 survivors (14336K)
 Metaspace       used 103502K, committed 104192K, reserved 1138688K
  class space    used 14165K, committed 14528K, reserved 1048576K
}
Event: 83.608 GC heap before
{Heap before GC invocations=28 (full 0):
 garbage-first heap   total 297984K, used 229780K [0x0000000080000000, 0x0000000100000000)
  region size 1024K, 136 young (139264K), 14 survivors (14336K)
 Metaspace       used 106540K, committed 107392K, reserved 1146880K
  class space    used 14552K, committed 14976K, reserved 1048576K
}
Event: 83.620 GC heap after
{Heap after GC invocations=29 (full 0):
 garbage-first heap   total 297984K, used 116749K [0x0000000080000000, 0x0000000100000000)
  region size 1024K, 12 young (12288K), 12 survivors (12288K)
 Metaspace       used 106540K, committed 107392K, reserved 1146880K
  class space    used 14552K, committed 14976K, reserved 1048576K
}

